<?xml version="1.0" encoding="UTF-8"?>
<testsuite name="com.kiddolock.app.management.AppBlockManagerTest" tests="3" skipped="0" failures="0" errors="0" timestamp="2026-03-16T13:55:07" hostname="DESKTOP-87485LF" time="9.812">
  <properties/>
  <testcase name="testAppManagerCaching" classname="com.kiddolock.app.management.AppBlockManagerTest" time="9.634"/>
  <testcase name="testCacheInvalidation" classname="com.kiddolock.app.management.AppBlockManagerTest" time="0.106"/>
  <testcase name="testWaitAndExpire" classname="com.kiddolock.app.management.AppBlockManagerTest" time="0.071"/>
  <system-out><![CDATA[WARNING: No manifest file found at .\AndroidManifest.xml.
Falling back to the Android OS resources only.
To remove this warning, annotate your test class with @Config(manifest=Config.NONE).
]]></system-out>
  <system-err><![CDATA[No such manifest file: .\AndroidManifest.xml
]]></system-err>
</testsuite>
